0 info it worked if it ends with ok
1 verbose cli [ 'node', '/usr/local/bin/npm', 'install', '-g', 'ios-deploy' ]
2 info using npm@2.5.1
3 info using node@v0.12.0
4 verbose node symlink /usr/local/bin/node
5 silly cache add args [ 'ios-deploy', null ]
6 verbose cache add spec ios-deploy
7 silly cache add parsed spec { raw: 'ios-deploy',
7 silly cache add   scope: null,
7 silly cache add   name: 'ios-deploy',
7 silly cache add   rawSpec: '',
7 silly cache add   spec: '*',
7 silly cache add   type: 'range' }
8 verbose addNamed ios-deploy@*
9 silly addNamed semver.valid null
10 silly addNamed semver.validRange *
11 silly addNameRange { name: 'ios-deploy', range: '*', hasData: false }
12 silly mapToRegistry name ios-deploy
13 silly mapToRegistry using default registry
14 silly mapToRegistry registry https://registry.npmjs.org/
15 silly mapToRegistry uri https://registry.npmjs.org/ios-deploy
16 verbose addNameRange registry:https://registry.npmjs.org/ios-deploy not in flight; fetching
17 verbose request uri https://registry.npmjs.org/ios-deploy
18 verbose request no auth needed
19 info attempt registry request try #1 at 14:03:15
20 verbose request id 9ecc49ded6e7611a
21 http request GET https://registry.npmjs.org/ios-deploy
22 http 200 https://registry.npmjs.org/ios-deploy
23 silly get cb [ 200,
23 silly get   { server: 'CouchDB/1.5.0 (Erlang OTP/R16B03)',
23 silly get     etag: '"3IX4O2OE32NR3B9J47NYJRHYU"',
23 silly get     'content-type': 'application/json',
23 silly get     'cache-control': 'max-age=300',
23 silly get     'content-length': '35616',
23 silly get     'accept-ranges': 'bytes',
23 silly get     date: 'Tue, 09 Feb 2016 22:03:15 GMT',
23 silly get     via: '1.1 varnish',
23 silly get     age: '298',
23 silly get     connection: 'keep-alive',
23 silly get     'x-served-by': 'cache-lax1424-LAX',
23 silly get     'x-cache': 'HIT',
23 silly get     'x-cache-hits': '1',
23 silly get     'x-timer': 'S1455055395.687889,VS0,VE0',
23 silly get     vary: 'Accept' } ]
24 verbose get saving ios-deploy to /Users/student/.npm/registry.npmjs.org/ios-deploy/.cache.json
25 silly addNameRange number 2 { name: 'ios-deploy', range: '*', hasData: true }
26 silly addNameRange versions [ 'ios-deploy',
26 silly addNameRange   [ '1.0.1',
26 silly addNameRange     '1.0.2',
26 silly addNameRange     '1.0.3',
26 silly addNameRange     '1.0.4',
26 silly addNameRange     '1.0.5',
26 silly addNameRange     '1.0.6',
26 silly addNameRange     '1.0.7',
26 silly addNameRange     '1.0.8',
26 silly addNameRange     '1.0.9',
26 silly addNameRange     '1.1.0',
26 silly addNameRange     '1.2.0',
26 silly addNameRange     '1.3.0',
26 silly addNameRange     '1.3.1',
26 silly addNameRange     '1.3.2',
26 silly addNameRange     '1.4.0',
26 silly addNameRange     '1.5.0',
26 silly addNameRange     '1.6.0',
26 silly addNameRange     '1.6.1',
26 silly addNameRange     '1.6.2',
26 silly addNameRange     '1.6.3',
26 silly addNameRange     '1.7.0',
26 silly addNameRange     '1.8.0',
26 silly addNameRange     '1.8.1',
26 silly addNameRange     '1.8.2',
26 silly addNameRange     '1.8.3',
26 silly addNameRange     '1.8.4',
26 silly addNameRange     '1.8.5' ] ]
27 verbose addNamed ios-deploy@1.8.5
28 silly addNamed semver.valid 1.8.5
29 silly addNamed semver.validRange 1.8.5
30 silly mapToRegistry name ios-deploy
31 silly mapToRegistry using default registry
32 silly mapToRegistry registry https://registry.npmjs.org/
33 silly mapToRegistry uri https://registry.npmjs.org/ios-deploy
34 verbose addRemoteTarball https://registry.npmjs.org/ios-deploy/-/ios-deploy-1.8.5.tgz not in flight; adding
35 verbose addRemoteTarball [ 'https://registry.npmjs.org/ios-deploy/-/ios-deploy-1.8.5.tgz',
35 verbose addRemoteTarball   '0b68ea29bf23a53981c7d09238cf12ca74aa1dba' ]
36 info retry fetch attempt 1 at 14:03:15
37 info attempt registry request try #1 at 14:03:15
38 http fetch GET https://registry.npmjs.org/ios-deploy/-/ios-deploy-1.8.5.tgz
39 http fetch 200 https://registry.npmjs.org/ios-deploy/-/ios-deploy-1.8.5.tgz
40 silly fetchAndShaCheck shasum 0b68ea29bf23a53981c7d09238cf12ca74aa1dba
41 verbose addTmpTarball /var/folders/_k/kyz_1lq103v533q_v8yrwd2c0000gp/T/npm-1907-39a31ee9/registry.npmjs.org/ios-deploy/-/ios-deploy-1.8.5.tgz not in flight; adding
42 verbose addTmpTarball already have metadata; skipping unpack for ios-deploy@1.8.5
43 silly cache afterAdd ios-deploy@1.8.5
44 verbose afterAdd /Users/student/.npm/ios-deploy/1.8.5/package/package.json not in flight; writing
45 verbose afterAdd /Users/student/.npm/ios-deploy/1.8.5/package/package.json written
46 silly install resolved [ { name: 'ios-deploy',
46 silly install resolved     version: '1.8.5',
46 silly install resolved     os: [ 'darwin' ],
46 silly install resolved     description: 'launch iOS apps iOS devices from the command line (Xcode 7)',
46 silly install resolved     main: 'ios-deploy',
46 silly install resolved     scripts:
46 silly install resolved      { preinstall: './src/scripts/check_reqs.js && xcodebuild',
46 silly install resolved        test: 'npm run pycompile && npm run jshint && xcodebuild -target ios-deploy-lib && xcodebuild test -scheme ios-deploy-tests',
46 silly install resolved        jshint: 'node node_modules/jshint/bin/jshint src/scripts/*.js',
46 silly install resolved        pycompile: 'python -m py_compile src/scripts/*.py' },
46 silly install resolved     bin: { 'ios-deploy': './build/Release/ios-deploy' },
46 silly install resolved     repository:
46 silly install resolved      { type: 'git',
46 silly install resolved        url: 'git+https://github.com/phonegap/ios-deploy.git' },
46 silly install resolved     devDependencies: { jshint: '2.5.8' },
46 silly install resolved     keywords: [ 'ios-deploy', 'deploy to iOS device' ],
46 silly install resolved     bugs: { url: 'https://github.com/phonegap/ios-deploy/issues' },
46 silly install resolved     author: { name: 'Greg Hughes' },
46 silly install resolved     license: 'GPLv3',
46 silly install resolved     gitHead: 'c4cd7b4a555723731a8912ec02f4adeb0af6ded2',
46 silly install resolved     homepage: 'https://github.com/phonegap/ios-deploy#readme',
46 silly install resolved     _id: 'ios-deploy@1.8.5',
46 silly install resolved     _shasum: '0b68ea29bf23a53981c7d09238cf12ca74aa1dba',
46 silly install resolved     _from: 'ios-deploy@*',
46 silly install resolved     _npmVersion: '2.11.3',
46 silly install resolved     _nodeVersion: '0.12.7',
46 silly install resolved     _npmUser: { name: 'shazron', email: 'shazron@gmail.com' },
46 silly install resolved     dist:
46 silly install resolved      { shasum: '0b68ea29bf23a53981c7d09238cf12ca74aa1dba',
46 silly install resolved        tarball: 'http://registry.npmjs.org/ios-deploy/-/ios-deploy-1.8.5.tgz' },
46 silly install resolved     maintainers: [ [Object], [Object], [Object] ],
46 silly install resolved     _npmOperationalInternal:
46 silly install resolved      { host: 'packages-6-west.internal.npmjs.com',
46 silly install resolved        tmp: 'tmp/ios-deploy-1.8.5.tgz_1454607982930_0.32560620410367846' },
46 silly install resolved     directories: {},
46 silly install resolved     _resolved: 'https://registry.npmjs.org/ios-deploy/-/ios-deploy-1.8.5.tgz' } ]
47 info install ios-deploy@1.8.5 into /usr/local/lib
48 info installOne ios-deploy@1.8.5
49 verbose installOne of ios-deploy to /usr/local/lib not in flight; installing
50 verbose lock using /Users/student/.npm/_locks/ios-deploy-198957223cd98201.lock for /usr/local/lib/node_modules/ios-deploy
51 silly install write writing ios-deploy 1.8.5 to /usr/local/lib/node_modules/ios-deploy
52 silly cache addNamed cb ios-deploy@1.8.5
53 verbose unbuild lib/node_modules/ios-deploy
54 verbose gentlyRm vacuuming /usr/local/lib/node_modules/ios-deploy
55 verbose tar unpack /Users/student/.npm/ios-deploy/1.8.5/package.tgz
56 verbose tar unpacking to /usr/local/lib/node_modules/ios-deploy
57 verbose gentlyRm vacuuming /usr/local/lib/node_modules/ios-deploy
58 silly gunzTarPerm modes [ '755', '644' ]
59 silly gunzTarPerm extractEntry package.json
60 silly gunzTarPerm extractEntry .npmignore
61 silly gunzTarPerm extractEntry README.md
62 silly gunzTarPerm extractEntry LICENSE
63 silly gunzTarPerm extractEntry CONTRIBUTING.md
64 silly gunzTarPerm extractEntry demo/.npmignore
65 silly gunzTarPerm extractEntry demo/Entitlements.plist
66 silly gunzTarPerm extractEntry demo/Info.plist
67 silly gunzTarPerm extractEntry demo/Makefile
68 silly gunzTarPerm extractEntry demo/ResourceRules.plist
69 silly gunzTarPerm extractEntry demo/demo.c
70 silly gunzTarPerm extractEntry ios-deploy.xcodeproj/project.pbxproj
71 silly gunzTarPerm extractEntry ios-deploy.xcodeproj/xcshareddata/xcschemes/ios-deploy-tests.xcscheme
72 silly gunzTarPerm extractEntry src/ios-deploy/MobileDevice.h
73 silly gunzTarPerm extractEntry src/ios-deploy/errors.h
74 silly gunzTarPerm extractEntry src/ios-deploy/ios-deploy.m
75 silly gunzTarPerm extractEntry src/ios-deploy/lldb.py.h
76 silly gunzTarPerm extractEntry src/ios-deploy/version.h
77 silly gunzTarPerm extractEntry src/ios-deploy-lib/libios_deploy.h
78 silly gunzTarPerm extractEntry src/ios-deploy-lib/libios_deploy.m
79 silly gunzTarPerm extractEntry src/ios-deploy-tests/Info.plist
80 silly gunzTarPerm extractEntry src/ios-deploy-tests/ios_deploy_tests.m
81 silly gunzTarPerm extractEntry src/scripts/check_reqs.js
82 silly gunzTarPerm extractEntry src/scripts/lldb.py
83 silly gunzTarPerm extractEntry src/scripts/lldb.pyc
84 info preinstall ios-deploy@1.8.5
85 verbose unsafe-perm in lifecycle true
86 info ios-deploy@1.8.5 Failed to exec preinstall script
87 verbose unlock done using /Users/student/.npm/_locks/ios-deploy-198957223cd98201.lock for /usr/local/lib/node_modules/ios-deploy
88 verbose stack Error: ios-deploy@1.8.5 preinstall: `./src/scripts/check_reqs.js && xcodebuild`
88 verbose stack Exit status 1
88 verbose stack     at EventEmitter.<anonymous> (/usr/local/lib/node_modules/npm/lib/utils/lifecycle.js:213:16)
88 verbose stack     at EventEmitter.emit (events.js:110:17)
88 verbose stack     at ChildProcess.<anonymous> (/usr/local/lib/node_modules/npm/lib/utils/spawn.js:14:12)
88 verbose stack     at ChildProcess.emit (events.js:110:17)
88 verbose stack     at maybeClose (child_process.js:1008:16)
88 verbose stack     at Process.ChildProcess._handle.onexit (child_process.js:1080:5)
89 verbose pkgid ios-deploy@1.8.5
90 verbose cwd /Users/student/Desktop/TrashNTreasures/trashntreasures
91 error Darwin 14.3.0
92 error argv "node" "/usr/local/bin/npm" "install" "-g" "ios-deploy"
93 error node v0.12.0
94 error npm  v2.5.1
95 error code ELIFECYCLE
96 error ios-deploy@1.8.5 preinstall: `./src/scripts/check_reqs.js && xcodebuild`
96 error Exit status 1
97 error Failed at the ios-deploy@1.8.5 preinstall script './src/scripts/check_reqs.js && xcodebuild'.
97 error This is most likely a problem with the ios-deploy package,
97 error not with npm itself.
97 error Tell the author that this fails on your system:
97 error     ./src/scripts/check_reqs.js && xcodebuild
97 error You can get their info via:
97 error     npm owner ls ios-deploy
97 error There is likely additional logging output above.
98 verbose exit [ 1, true ]
99 verbose unbuild lib/node_modules/ios-deploy
100 info preuninstall ios-deploy@1.8.5
101 info uninstall ios-deploy@1.8.5
102 verbose unbuild rmStuff ios-deploy@1.8.5 from /usr/local/lib/node_modules
103 verbose gentlyRm verifying that /usr/local is managed by npm
104 silly isManaged /usr/local is not inside /usr/local/lib/node_modules
105 silly isManaged /usr/local is not inside /usr/local/lib/node_modules
106 silly isManaged /usr/local/bin is inside /usr/local
107 silly gentlyRm /usr/local is managed by npm
108 silly gentlyRm /usr/local/bin/ios-deploy is under /usr/local
109 verbose gentlyRm vacuuming /usr/local/bin/ios-deploy up to /usr/local
110 info postuninstall ios-deploy@1.8.5
111 verbose gentlyRm vacuuming /usr/local/lib/node_modules/ios-deploy
112 silly gentlyRm purging /usr/local/lib/node_modules/ios-deploy
113 silly gentlyRm quitting because other entries in /usr/local/lib/node_modules
